<?xml version="1.0" encoding="UTF-8"?>
<coverage generated="1716389947722" clover="3.2.0">
  <project timestamp="1716389947722" name="All files">
    <metrics statements="29" coveredstatements="19" conditionals="14" coveredconditionals="8" methods="10" coveredmethods="8" elements="53" coveredelements="35" complexity="0" loc="29" ncloc="29" packages="1" files="1" classes="1"/>
    <file name="ContaBancaria.ts" path="/workspaces/POO_typescript/src/models/ContaBancaria.ts">
      <metrics statements="29" coveredstatements="19" conditionals="14" coveredconditionals="8" methods="10" coveredmethods="8"/>
      <line num="25" count="1" type="stmt"/>
      <line num="31" count="4" type="stmt"/>
      <line num="32" count="4" type="cond" truecount="1" falsecount="1"/>
      <line num="33" count="4" type="cond" truecount="1" falsecount="1"/>
      <line num="37" count="1" type="stmt"/>
      <line num="41" count="0" type="cond" truecount="0" falsecount="2"/>
      <line num="42" count="0" type="stmt"/>
      <line num="44" count="0" type="stmt"/>
      <line num="49" count="1" type="stmt"/>
      <line num="53" count="0" type="cond" truecount="0" falsecount="2"/>
      <line num="54" count="0" type="stmt"/>
      <line num="56" count="0" type="stmt"/>
      <line num="61" count="3" type="stmt"/>
      <line num="65" count="2" type="cond" truecount="3" falsecount="0"/>
      <line num="66" count="2" type="stmt"/>
      <line num="67" count="2" type="stmt"/>
      <line num="69" count="0" type="stmt"/>
      <line num="73" count="3" type="cond" truecount="1" falsecount="0"/>
      <line num="74" count="3" type="stmt"/>
      <line num="75" count="3" type="stmt"/>
      <line num="77" count="0" type="stmt"/>
      <line num="81" count="4" type="stmt"/>
      <line num="82" count="4" type="cond" truecount="1" falsecount="0"/>
      <line num="83" count="4" type="stmt"/>
      <line num="85" count="0" type="stmt"/>
      <line num="89" count="4" type="stmt"/>
      <line num="90" count="4" type="cond" truecount="1" falsecount="0"/>
      <line num="91" count="4" type="stmt"/>
      <line num="93" count="0" type="stmt"/>
    </file>
  </project>
</coverage>
