{"/workspaces/POO_typescript/src/models/ContaBancaria.ts": {"path":"/workspaces/POO_typescript/src/models/ContaBancaria.ts","statementMap":{"0":{"start":{"line":31,"column":4},"end":{"line":31,"column":20}},"1":{"start":{"line":32,"column":4},"end":{"line":32,"column":71}},"2":{"start":{"line":33,"column":4},"end":{"line":33,"column":64}},"3":{"start":{"line":37,"column":4},"end":{"line":37,"column":25}},"4":{"start":{"line":41,"column":4},"end":{"line":45,"column":5}},"5":{"start":{"line":42,"column":6},"end":{"line":42,"column":28}},"6":{"start":{"line":44,"column":6},"end":{"line":44,"column":70}},"7":{"start":{"line":49,"column":4},"end":{"line":49,"column":23}},"8":{"start":{"line":53,"column":4},"end":{"line":57,"column":5}},"9":{"start":{"line":54,"column":6},"end":{"line":54,"column":26}},"10":{"start":{"line":56,"column":6},"end":{"line":56,"column":68}},"11":{"start":{"line":61,"column":4},"end":{"line":61,"column":23}},"12":{"start":{"line":65,"column":4},"end":{"line":68,"column":5}},"13":{"start":{"line":66,"column":6},"end":{"line":66,"column":27}},"14":{"start":{"line":67,"column":6},"end":{"line":67,"column":18}},"15":{"start":{"line":69,"column":4},"end":{"line":69,"column":17}},"16":{"start":{"line":73,"column":4},"end":{"line":76,"column":5}},"17":{"start":{"line":74,"column":6},"end":{"line":74,"column":27}},"18":{"start":{"line":75,"column":6},"end":{"line":75,"column":18}},"19":{"start":{"line":77,"column":4},"end":{"line":77,"column":17}},"20":{"start":{"line":81,"column":18},"end":{"line":81,"column":33}},"21":{"start":{"line":82,"column":4},"end":{"line":84,"column":5}},"22":{"start":{"line":83,"column":6},"end":{"line":83,"column":18}},"23":{"start":{"line":85,"column":4},"end":{"line":85,"column":17}},"24":{"start":{"line":89,"column":18},"end":{"line":89,"column":33}},"25":{"start":{"line":90,"column":4},"end":{"line":92,"column":5}},"26":{"start":{"line":91,"column":6},"end":{"line":91,"column":18}},"27":{"start":{"line":93,"column":4},"end":{"line":93,"column":17}},"28":{"start":{"line":25,"column":0},"end":{"line":25,"column":13}}},"fnMap":{"0":{"name":"(anonymous_0)","decl":{"start":{"line":30,"column":2},"end":{"line":30,"column":14}},"loc":{"start":{"line":30,"column":44},"end":{"line":34,"column":3}}},"1":{"name":"(anonymous_1)","decl":{"start":{"line":36,"column":2},"end":{"line":36,"column":6}},"loc":{"start":{"line":36,"column":13},"end":{"line":38,"column":3}}},"2":{"name":"(anonymous_2)","decl":{"start":{"line":40,"column":2},"end":{"line":40,"column":6}},"loc":{"start":{"line":40,"column":27},"end":{"line":46,"column":3}}},"3":{"name":"(anonymous_3)","decl":{"start":{"line":48,"column":2},"end":{"line":48,"column":6}},"loc":{"start":{"line":48,"column":11},"end":{"line":50,"column":3}}},"4":{"name":"(anonymous_4)","decl":{"start":{"line":52,"column":2},"end":{"line":52,"column":6}},"loc":{"start":{"line":52,"column":25},"end":{"line":58,"column":3}}},"5":{"name":"(anonymous_5)","decl":{"start":{"line":60,"column":2},"end":{"line":60,"column":16}},"loc":{"start":{"line":60,"column":16},"end":{"line":62,"column":3}}},"6":{"name":"(anonymous_6)","decl":{"start":{"line":64,"column":2},"end":{"line":64,"column":7}},"loc":{"start":{"line":64,"column":21},"end":{"line":70,"column":3}}},"7":{"name":"(anonymous_7)","decl":{"start":{"line":72,"column":2},"end":{"line":72,"column":11}},"loc":{"start":{"line":72,"column":25},"end":{"line":78,"column":3}}},"8":{"name":"(anonymous_8)","decl":{"start":{"line":80,"column":10},"end":{"line":80,"column":23}},"loc":{"start":{"line":80,"column":37},"end":{"line":86,"column":3}}},"9":{"name":"(anonymous_9)","decl":{"start":{"line":88,"column":10},"end":{"line":88,"column":25}},"loc":{"start":{"line":88,"column":41},"end":{"line":94,"column":3}}}},"branchMap":{"0":{"loc":{"start":{"line":32,"column":20},"end":{"line":32,"column":70}},"type":"cond-expr","locations":[{"start":{"line":32,"column":52},"end":{"line":32,"column":59}},{"start":{"line":32,"column":62},"end":{"line":32,"column":70}}]},"1":{"loc":{"start":{"line":33,"column":18},"end":{"line":33,"column":63}},"type":"cond-expr","locations":[{"start":{"line":33,"column":46},"end":{"line":33,"column":51}},{"start":{"line":33,"column":54},"end":{"line":33,"column":63}}]},"2":{"loc":{"start":{"line":41,"column":4},"end":{"line":45,"column":5}},"type":"if","locations":[{"start":{"line":41,"column":4},"end":{"line":45,"column":5}},{"start":{"line":43,"column":11},"end":{"line":45,"column":5}}]},"3":{"loc":{"start":{"line":53,"column":4},"end":{"line":57,"column":5}},"type":"if","locations":[{"start":{"line":53,"column":4},"end":{"line":57,"column":5}},{"start":{"line":55,"column":11},"end":{"line":57,"column":5}}]},"4":{"loc":{"start":{"line":65,"column":4},"end":{"line":68,"column":5}},"type":"if","locations":[{"start":{"line":65,"column":4},"end":{"line":68,"column":5}}]},"5":{"loc":{"start":{"line":65,"column":8},"end":{"line":65,"column":41}},"type":"binary-expr","locations":[{"start":{"line":65,"column":8},"end":{"line":65,"column":17}},{"start":{"line":65,"column":21},"end":{"line":65,"column":41}}]},"6":{"loc":{"start":{"line":73,"column":4},"end":{"line":76,"column":5}},"type":"if","locations":[{"start":{"line":73,"column":4},"end":{"line":76,"column":5}}]},"7":{"loc":{"start":{"line":82,"column":4},"end":{"line":84,"column":5}},"type":"if","locations":[{"start":{"line":82,"column":4},"end":{"line":84,"column":5}}]},"8":{"loc":{"start":{"line":90,"column":4},"end":{"line":92,"column":5}},"type":"if","locations":[{"start":{"line":90,"column":4},"end":{"line":92,"column":5}}]}},"s":{"0":4,"1":4,"2":4,"3":1,"4":0,"5":0,"6":0,"7":1,"8":0,"9":0,"10":0,"11":3,"12":2,"13":2,"14":2,"15":0,"16":3,"17":3,"18":3,"19":0,"20":4,"21":4,"22":4,"23":0,"24":4,"25":4,"26":4,"27":0,"28":1},"f":{"0":4,"1":1,"2":0,"3":1,"4":0,"5":3,"6":2,"7":3,"8":4,"9":4},"b":{"0":[4,0],"1":[4,0],"2":[0,0],"3":[0,0],"4":[2],"5":[2,2],"6":[3],"7":[4],"8":[4]}}
}
