TN:
SF:src/models/ContaBancaria.ts
FN:30,(anonymous_0)
FN:36,(anonymous_1)
FN:40,(anonymous_2)
FN:48,(anonymous_3)
FN:52,(anonymous_4)
FN:60,(anonymous_5)
FN:64,(anonymous_6)
FN:72,(anonymous_7)
FN:80,(anonymous_8)
FN:88,(anonymous_9)
FNF:10
FNH:8
FNDA:4,(anonymous_0)
FNDA:1,(anonymous_1)
FNDA:0,(anonymous_2)
FNDA:1,(anonymous_3)
FNDA:0,(anonymous_4)
FNDA:3,(anonymous_5)
FNDA:2,(anonymous_6)
FNDA:3,(anonymous_7)
FNDA:4,(anonymous_8)
FNDA:4,(anonymous_9)
DA:25,1
DA:31,4
DA:32,4
DA:33,4
DA:37,1
DA:41,0
DA:42,0
DA:44,0
DA:49,1
DA:53,0
DA:54,0
DA:56,0
DA:61,3
DA:65,2
DA:66,2
DA:67,2
DA:69,0
DA:73,3
DA:74,3
DA:75,3
DA:77,0
DA:81,4
DA:82,4
DA:83,4
DA:85,0
DA:89,4
DA:90,4
DA:91,4
DA:93,0
LF:29
LH:19
BRDA:32,0,0,4
BRDA:32,0,1,0
BRDA:33,1,0,4
BRDA:33,1,1,0
BRDA:41,2,0,0
BRDA:41,2,1,0
BRDA:53,3,0,0
BRDA:53,3,1,0
BRDA:65,4,0,2
BRDA:65,5,0,2
BRDA:65,5,1,2
BRDA:73,6,0,3
BRDA:82,7,0,4
BRDA:90,8,0,4
BRF:14
BRH:8
end_of_record
